2017-04-08 20:40:22,479 [Worker-14] INFO  o.e.m.c.i.l.LifecycleMappingFactory - Using org.eclipse.m2e.jdt.JarLifecycleMapping lifecycle mapping for MavenProject: XHB:DataBaseCore:0.0.1-SNAPSHOT @ E:\project\workspace\collector-2016\meter-core\pom.xml.
2017-04-08 20:40:22,758 [Worker-14] INFO  o.e.m.c.i.l.LifecycleMappingFactory - Using org.eclipse.m2e.jdt.JarLifecycleMapping lifecycle mapping for MavenProject: XHB:MeterSocketservApp:0.0.1-SNAPSHOT @ E:\project\workspace\collector-2016\meter-socket\pom.xml.
2017-04-08 20:40:27,151 [Worker-14] INFO  o.e.m.j.i.AbstractJavaProjectConfigurator - Adding source folder /meter-core/src/main/java
2017-04-08 20:40:27,152 [Worker-14] INFO  o.e.m.j.i.AbstractJavaProjectConfigurator - Adding source folder /meter-core/src/test/java
2017-04-08 20:40:27,276 [Worker-14] INFO  o.e.m.j.i.AbstractJavaProjectConfigurator - Adding source folder /meter-socket/src/main/java
2017-04-08 20:40:27,277 [Worker-14] INFO  o.e.m.j.i.AbstractJavaProjectConfigurator - Adding resource folder /meter-socket/src/main/resources
2017-04-08 20:40:27,278 [Worker-14] INFO  o.e.m.j.i.AbstractJavaProjectConfigurator - Adding source folder /meter-socket/src/test/java
2017-04-08 20:40:27,344 [Worker-14] INFO  o.e.m.c.i.p.ProjectConfigurationManager - Imported and configured 2 project(s) in 6 sec
2017-04-08 20:40:30,995 [Worker-1] INFO  o.e.m.c.i.embedder.EclipseLogger - Using 'UTF-8' encoding to copy filtered resources.
2017-04-08 20:40:30,996 [Worker-1] INFO  o.e.m.c.i.embedder.EclipseLogger - skip non existing resourceDirectory E:\project\workspace\collector-2016\meter-core\src\main\resources
2017-04-08 20:40:31,000 [Worker-1] INFO  o.e.m.c.i.embedder.EclipseLogger - Using 'UTF-8' encoding to copy filtered resources.
2017-04-08 20:40:31,000 [Worker-1] INFO  o.e.m.c.i.embedder.EclipseLogger - skip non existing resourceDirectory E:\project\workspace\collector-2016\meter-core\src\test\resources
2017-04-08 20:40:33,695 [Worker-1] INFO  o.e.m.c.i.embedder.EclipseLogger - Using 'UTF-8' encoding to copy filtered resources.
2017-04-08 20:40:33,704 [Worker-1] INFO  o.e.m.c.i.embedder.EclipseLogger - Copying 7 resources
2017-04-08 20:40:33,722 [Worker-1] INFO  o.e.m.c.i.embedder.EclipseLogger - Using 'UTF-8' encoding to copy filtered resources.
2017-04-08 20:40:33,722 [Worker-1] INFO  o.e.m.c.i.embedder.EclipseLogger - skip non existing resourceDirectory E:\project\workspace\collector-2016\meter-socket\src\test\resources
2017-04-08 20:41:00,265 [Worker-3] INFO  o.e.m.c.i.embedder.EclipseLogger - Using 'UTF-8' encoding to copy filtered resources.
2017-04-08 20:41:00,268 [Worker-3] INFO  o.e.m.c.i.embedder.EclipseLogger - Copying 1 resource
2017-04-08 20:41:00,271 [Worker-3] INFO  o.e.m.c.i.embedder.EclipseLogger - Using 'UTF-8' encoding to copy filtered resources.
2017-04-08 20:41:00,271 [Worker-3] INFO  o.e.m.c.i.embedder.EclipseLogger - skip non existing resourceDirectory E:\project\workspace\collector-2016\meter-socket\src\test\resources
2017-04-08 20:41:09,305 [Worker-14] INFO  o.e.m.c.i.embedder.EclipseLogger - Using 'UTF-8' encoding to copy filtered resources.
2017-04-08 20:41:09,305 [Worker-14] INFO  o.e.m.c.i.embedder.EclipseLogger - skip non existing resourceDirectory E:\project\workspace\collector-2016\meter-core\src\main\resources
2017-04-08 20:41:09,307 [Worker-14] INFO  o.e.m.c.i.embedder.EclipseLogger - Using 'UTF-8' encoding to copy filtered resources.
2017-04-08 20:41:09,307 [Worker-14] INFO  o.e.m.c.i.embedder.EclipseLogger - skip non existing resourceDirectory E:\project\workspace\collector-2016\meter-core\src\test\resources
2017-04-08 20:41:09,322 [Worker-14] INFO  o.e.m.c.i.embedder.EclipseLogger - Using 'UTF-8' encoding to copy filtered resources.
2017-04-08 20:41:09,322 [Worker-14] INFO  o.e.m.c.i.embedder.EclipseLogger - Copying 0 resource
2017-04-08 20:41:09,323 [Worker-14] INFO  o.e.m.c.i.embedder.EclipseLogger - Using 'UTF-8' encoding to copy filtered resources.
2017-04-08 20:41:09,324 [Worker-14] INFO  o.e.m.c.i.embedder.EclipseLogger - skip non existing resourceDirectory E:\project\workspace\collector-2016\meter-socket\src\test\resources
2017-04-08 20:42:04,600 [Worker-4] INFO  o.e.m.c.i.embedder.EclipseLogger - Using 'UTF-8' encoding to copy filtered resources.
2017-04-08 20:42:04,601 [Worker-4] INFO  o.e.m.c.i.embedder.EclipseLogger - Copying 1 resource
2017-04-08 20:42:04,604 [Worker-4] INFO  o.e.m.c.i.embedder.EclipseLogger - Using 'UTF-8' encoding to copy filtered resources.
2017-04-08 20:42:04,604 [Worker-4] INFO  o.e.m.c.i.embedder.EclipseLogger - skip non existing resourceDirectory E:\project\workspace\collector-2016\meter-socket\src\test\resources
